<?xml version="1.0" encoding="UTF-8"?>
<!-- Generated by org.testng.reporters.JUnitReportReporter -->
<testsuite skipped="0" hostname="LAPTOP-4BK013Q7" name="automation.Annotation" tests="2" failures="0" timestamp="2021-12-28T20:42:57 IST" time="0.010" errors="0">
  <testcase name="firstMethod" time="0.006" classname="automation.Annotation"/>
  <system-out/>
  <testcase name="secondMethod" time="0.004" classname="automation.Annotation"/>
  <system-out/>
</testsuite> <!-- automation.Annotation -->
