<?xml version="1.0" encoding="UTF-8"?>
<!-- Generated by org.testng.reporters.JUnitReportReporter -->
<testsuite skipped="1" hostname="LAPTOP-4BK013Q7" name="automation.AutomationDemo" tests="2" failures="0" timestamp="2021-12-26T08:54:39 IST" time="1.946" errors="0">
  <testcase name="windowHandling" time="1.946" classname="automation.AutomationDemo"/>
  <system-out/>
  <testcase name="alertsDemo" classname="automation.AutomationDemo">
    <skipped/>
  </testcase> <!-- alertsDemo -->
  <system-out/>
</testsuite> <!-- automation.AutomationDemo -->
